<?xml version="1.0" encoding="UTF-8"?>
<!-- Generated by org.testng.reporters.JUnitXMLReporter -->
<testsuite hostname="Harsh-PC" ignored="0" name="Default test" tests="6" failures="0" timestamp="20 Aug 2017 03:53:57 GMT" time="0.154" errors="0">
  <testcase name="helloworld1" time="0.043" classname="FirstMaven.FirstClass"/>
  <testcase name="helloworld2" time="0.006" classname="FirstMaven.FirstClass"/>
  <testcase name="helloworld3" time="0.002" classname="FirstMaven.FirstClass"/>
  <testcase name="helloworld4" time="0.002" classname="FirstMaven.FirstClass"/>
  <testcase name="helloworld5" time="0.003" classname="FirstMaven.FirstClass"/>
  <testcase name="helloworld6" time="0.002" classname="FirstMaven.FirstClass"/>
</testsuite> <!-- Default test -->
