<?xml version="1.0" encoding="UTF-8"?>
<!-- Generated by org.testng.reporters.JUnitXMLReporter -->
<testsuite hostname="Harsh-PC" ignored="0" name="Default test" tests="12" failures="0" timestamp="26 Aug 2017 12:18:22 GMT" time="0.197" errors="0">
  <testcase name="helloworld1" time="0.039" classname="FirstMaven.FirstClass"/>
  <testcase name="helloworld10" time="0.002" classname="FirstMaven.FirstClass"/>
  <testcase name="helloworld2" time="0.002" classname="FirstMaven.FirstClass"/>
  <testcase name="helloworld20" time="0.003" classname="FirstMaven.FirstClass"/>
  <testcase name="helloworld3" time="0.003" classname="FirstMaven.FirstClass"/>
  <testcase name="helloworld4" time="0.003" classname="FirstMaven.FirstClass"/>
  <testcase name="helloworld5" time="0.002" classname="FirstMaven.FirstClass"/>
  <testcase name="helloworld11" time="0.006" classname="FirstMaven.secondClass"/>
  <testcase name="helloworld12" time="0.002" classname="FirstMaven.secondClass"/>
  <testcase name="helloworld13" time="0.002" classname="FirstMaven.secondClass"/>
  <testcase name="helloworld14" time="0.005" classname="FirstMaven.secondClass"/>
  <testcase name="helloworld15" time="0.002" classname="FirstMaven.secondClass"/>
</testsuite> <!-- Default test -->
