<?xml version="1.0" encoding="UTF-8"?>
<!-- Generated by org.testng.reporters.JUnitXMLReporter -->
<testsuite hostname="Harsh-PC" ignored="0" name="Test" tests="10" failures="0" timestamp="26 Aug 2017 02:44:04 GMT" time="0.202" errors="0">
  <testcase name="helloworld1" time="0.035" classname="FirstMaven.FirstClass"/>
  <testcase name="helloworld2" time="0.003" classname="FirstMaven.FirstClass"/>
  <testcase name="helloworld3" time="0.003" classname="FirstMaven.FirstClass"/>
  <testcase name="helloworld4" time="0.002" classname="FirstMaven.FirstClass"/>
  <testcase name="helloworld5" time="0.002" classname="FirstMaven.FirstClass"/>
  <testcase name="helloworld11" time="0.002" classname="FirstMaven.secondClass"/>
  <testcase name="helloworld12" time="0.002" classname="FirstMaven.secondClass"/>
  <testcase name="helloworld13" time="0.003" classname="FirstMaven.secondClass"/>
  <testcase name="helloworld14" time="0.004" classname="FirstMaven.secondClass"/>
  <testcase name="helloworld15" time="0.002" classname="FirstMaven.secondClass"/>
</testsuite> <!-- Test -->
