<?xml version="1.0" encoding="UTF-8"?>
<!-- Generated by org.testng.reporters.JUnitXMLReporter -->
<testsuite hostname="Harsh-PC" ignored="0" name="Test" tests="15" failures="0" timestamp="26 Aug 2017 07:07:19 GMT" time="0.2" errors="0">
  <testcase name="helloworld1" time="0.023" classname="FirstMaven.FirstClass"/>
  <testcase name="helloworld10" time="0.002" classname="FirstMaven.FirstClass"/>
  <testcase name="helloworld2" time="0.015" classname="FirstMaven.FirstClass"/>
  <testcase name="helloworld20" time="0.001" classname="FirstMaven.FirstClass"/>
  <testcase name="helloworld3" time="0.002" classname="FirstMaven.FirstClass"/>
  <testcase name="helloworld30" time="0.027" classname="FirstMaven.FirstClass"/>
  <testcase name="helloworld4" time="0.002" classname="FirstMaven.FirstClass"/>
  <testcase name="helloworld40" time="0.002" classname="FirstMaven.FirstClass"/>
  <testcase name="helloworld5" time="0.004" classname="FirstMaven.FirstClass"/>
  <testcase name="helloworld50" time="0.002" classname="FirstMaven.FirstClass"/>
  <testcase name="helloworld11" time="0.002" classname="FirstMaven.secondClass"/>
  <testcase name="helloworld12" time="0.001" classname="FirstMaven.secondClass"/>
  <testcase name="helloworld13" time="0.001" classname="FirstMaven.secondClass"/>
  <testcase name="helloworld14" time="0.007" classname="FirstMaven.secondClass"/>
  <testcase name="helloworld15" time="0.002" classname="FirstMaven.secondClass"/>
</testsuite> <!-- Test -->
